<?xml version="1.0" encoding="UTF-8"?>
<testng-results ignored="0" total="4" passed="4" failed="0" skipped="0">
  <reporter-output>
  </reporter-output>
  <suite started-at="2021-05-28T21:21:58 IST" name="Suite" finished-at="2021-05-28T21:22:53 IST" duration-ms="54628">
    <groups>
    </groups>
    <test started-at="2021-05-28T21:21:58 IST" name="contactpage" finished-at="2021-05-28T21:22:17 IST" duration-ms="19315">
      <class name="com.SampleProject.AppBasicContactFormTestCase">
        <test-method signature="verifycontact()[pri:1, instance:com.SampleProject.AppBasicContactFormTestCase@306e95ec]" started-at="2021-05-28T21:21:58 IST" name="verifycontact" finished-at="2021-05-28T21:22:10 IST" duration-ms="12172" status="PASS">
          <reporter-output>
          </reporter-output>
        </test-method> <!-- verifycontact -->
        <test-method signature="verifybasicontactlink()[pri:2, instance:com.SampleProject.AppBasicContactFormTestCase@306e95ec]" started-at="2021-05-28T21:22:10 IST" name="verifybasicontactlink" finished-at="2021-05-28T21:22:17 IST" duration-ms="7081" status="PASS">
          <reporter-output>
          </reporter-output>
        </test-method> <!-- verifybasicontactlink -->
      </class> <!-- com.SampleProject.AppBasicContactFormTestCase -->
    </test> <!-- contactpage -->
    <test started-at="2021-05-28T21:22:17 IST" name="loginpage" finished-at="2021-05-28T21:22:43 IST" duration-ms="26024">
      <class name="com.SampleProject.AppLoginTest">
        <test-method signature="verifyInvalidLogin()[pri:2, instance:com.SampleProject.AppLoginTest@1cf56a1c]" started-at="2021-05-28T21:22:17 IST" name="verifyInvalidLogin" description="verify invalid login" finished-at="2021-05-28T21:22:43 IST" duration-ms="26008" status="PASS">
          <reporter-output>
          </reporter-output>
        </test-method> <!-- verifyInvalidLogin -->
        <test-method is-config="true" signature="testfailure(org.testng.ITestResult)[pri:0, instance:com.SampleProject.AppLoginTest@1cf56a1c]" started-at="2021-05-28T21:22:43 IST" name="testfailure" finished-at="2021-05-28T21:22:43 IST" duration-ms="8" status="PASS">
          <params>
            <param index="0">
              <value>
                <![CDATA[[TestResult name=verifyInvalidLogin status=SUCCESS method=AppLoginTest.verifyInvalidLogin()[pri:2, instance:com.SampleProject.AppLoginTest@1cf56a1c] output={null}]]]>
              </value>
            </param>
          </params>
          <reporter-output>
          </reporter-output>
        </test-method> <!-- testfailure -->
        <test-method is-config="true" signature="closebrowser()[pri:0, instance:com.SampleProject.AppLoginTest@1cf56a1c]" started-at="2021-05-28T21:22:43 IST" name="closebrowser" finished-at="2021-05-28T21:22:43 IST" duration-ms="0" status="PASS">
          <reporter-output>
          </reporter-output>
        </test-method> <!-- closebrowser -->
      </class> <!-- com.SampleProject.AppLoginTest -->
    </test> <!-- loginpage -->
    <test started-at="2021-05-28T21:22:43 IST" name="AppSignUp" finished-at="2021-05-28T21:22:53 IST" duration-ms="9205">
      <class name="com.SampleProject.AppLoginTest">
        <test-method is-config="true" signature="setupsuite()[pri:0, instance:com.SampleProject.AppLoginTest@1cf56a1c]" started-at="2021-05-28T21:21:58 IST" name="setupsuite" finished-at="2021-05-28T21:21:58 IST" duration-ms="11" status="PASS">
          <reporter-output>
          </reporter-output>
        </test-method> <!-- setupsuite -->
      </class> <!-- com.SampleProject.AppLoginTest -->
      <class name="com.SampleProject.AppBasicContactFormTestCase">
        <test-method is-config="true" signature="setupsuite()[pri:0, instance:com.SampleProject.AppBasicContactFormTestCase@306e95ec]" started-at="2021-05-28T21:21:58 IST" name="setupsuite" finished-at="2021-05-28T21:21:58 IST" duration-ms="17" status="PASS">
          <reporter-output>
          </reporter-output>
        </test-method> <!-- setupsuite -->
      </class> <!-- com.SampleProject.AppBasicContactFormTestCase -->
      <class name="com.SampleProject.AppSignUpTestCase">
        <test-method is-config="true" signature="setupsignutpsuite()[pri:0, instance:com.SampleProject.AppSignUpTestCase@1169afe1]" started-at="2021-05-28T21:21:58 IST" name="setupsignutpsuite" finished-at="2021-05-28T21:21:58 IST" duration-ms="2" status="PASS">
          <reporter-output>
          </reporter-output>
        </test-method> <!-- setupsignutpsuite -->
        <test-method signature="createaccount()[pri:0, instance:com.SampleProject.AppSignUpTestCase@1169afe1]" started-at="2021-05-28T21:22:43 IST" name="createaccount" finished-at="2021-05-28T21:22:53 IST" duration-ms="9200" status="PASS">
          <reporter-output>
          </reporter-output>
        </test-method> <!-- createaccount -->
      </class> <!-- com.SampleProject.AppSignUpTestCase -->
    </test> <!-- AppSignUp -->
  </suite> <!-- Suite -->
</testng-results>
