<?xml version="1.0" encoding="UTF-8"?>
<!-- Generated by org.testng.reporters.JUnitXMLReporter -->
<testsuite ignored="0" hostname="LAPTOP-6OACLVLF" failures="0" tests="2" name="contactpage" time="19.315" errors="0" timestamp="2021-05-28T21:22:17 IST">
  <testcase classname="com.SampleProject.AppBasicContactFormTestCase" name="verifycontact" time="12.172"/>
  <testcase classname="com.SampleProject.AppBasicContactFormTestCase" name="verifybasicontactlink" time="7.081"/>
</testsuite> <!-- contactpage -->
